<?xml version="1.0" encoding="UTF-8"?>
<!-- Generated by org.testng.reporters.JUnitReportReporter -->
<testsuite skipped="0" hostname="DESKTOP-D69MGO4" name="variousConcepts.LearningTestNg" tests="1" failures="0" timestamp="2021-05-15T12:39:44 CDT" time="8.572" errors="0">
  <testcase name="input" time="8.572" classname="variousConcepts.LearningTestNg"/>
  <system-out/>
</testsuite> <!-- variousConcepts.LearningTestNg -->
